[1569009280.024][INFO]: Starting ChromeDriver 76.0.3809.68 (420c9498db8ce8fcd190a954d51297672c1515d5-refs/branch-heads/3809@{#864})
[1569009280.024][INFO]: Please protect ports used by ChromeDriver and related test frameworks to prevent access by malicious code.
[1569009280.496][INFO]: [78872ec2ec7b7d88ca5b875cb00d447d] COMMAND InitSession {
   "capabilities": {
      "firstMatch": [ {
         "browserName": "chrome",
         "goog:chromeOptions": {
            "args": [ "--disable-notifications" ],
            "extensions": [  ]
         }
      } ]
   },
   "desiredCapabilities": {
      "browserName": "chrome",
      "goog:chromeOptions": {
         "args": [ "--disable-notifications" ],
         "extensions": [  ]
      }
   }
}
[1569009280.504][INFO]: Populating Preferences file: {
   "alternate_error_pages": {
      "enabled": false
   },
   "autofill": {
      "enabled": false
   },
   "browser": {
      "check_default_browser": false
   },
   "distribution": {
      "import_bookmarks": false,
      "import_history": false,
      "import_search_engine": false,
      "make_chrome_default_for_user": false,
      "skip_first_run_ui": true
   },
   "dns_prefetching": {
      "enabled": false
   },
   "profile": {
      "content_settings": {
         "pattern_pairs": {
            "https://*,*": {
               "media-stream": {
                  "audio": "Default",
                  "video": "Default"
               }
            }
         }
      },
      "default_content_setting_values": {
         "geolocation": 1
      },
      "default_content_settings": {
         "geolocation": 1,
         "mouselock": 1,
         "notifications": 1,
         "popups": 1,
         "ppapi-broker": 1
      },
      "password_manager_enabled": false
   },
   "safebrowsing": {
      "enabled": false
   },
   "search": {
      "suggest_enabled": false
   },
   "translate": {
      "enabled": false
   }
}
[1569009280.505][INFO]: Populating Local State file: {
   "background_mode": {
      "enabled": false
   },
   "ssl": {
      "rev_checking": {
         "enabled": false
      }
   }
}
[1569009280.516][INFO]: Cannot switch to US keyboard layout - some keys may be interpreted incorrectly
[1569009280.516][INFO]: Launching chrome: "C:\Program Files (x86)\Google\Chrome\Application\chrome.exe" --disable-background-networking --disable-client-side-phishing-detection --disable-default-apps --disable-hang-monitor --disable-notifications --disable-popup-blocking --disable-prompt-on-repost --disable-sync --enable-automation --enable-blink-features=ShadowDOMV0 --enable-logging --force-fieldtrials=SiteIsolationExtensions/Control --ignore-certificate-errors --load-extension="C:\Users\DELL\AppData\Local\Temp\scoped_dir12088_992639091\internal" --log-level=0 --no-first-run --password-store=basic --remote-debugging-port=0 --test-type=webdriver --use-mock-keychain --user-data-dir="C:\Users\DELL\AppData\Local\Temp\scoped_dir12088_670177981" data:,
[1569009281.335][INFO]: resolved localhost to ["::1","127.0.0.1"]
[1569009283.332][INFO]: [78872ec2ec7b7d88ca5b875cb00d447d] RESPONSE InitSession {
   "capabilities": {
      "acceptInsecureCerts": false,
      "browserName": "chrome",
      "browserVersion": "76.0.3809.132",
      "chrome": {
         "chromedriverVersion": "76.0.3809.68 (420c9498db8ce8fcd190a954d51297672c1515d5-refs/branch-heads/3809@{#864})",
         "userDataDir": "C:\\Users\\DELL\\AppData\\Local\\Temp\\scoped_dir12088_670177981"
      },
      "goog:chromeOptions": {
         "debuggerAddress": "localhost:58953"
      },
      "networkConnectionEnabled": false,
      "pageLoadStrategy": "normal",
      "platformName": "windows nt",
      "proxy": {

      },
      "setWindowRect": true,
      "strictFileInteractability": false,
      "timeouts": {
         "implicit": 0,
         "pageLoad": 300000,
         "script": 30000
      },
      "unhandledPromptBehavior": "dismiss and notify"
   },
   "sessionId": "78872ec2ec7b7d88ca5b875cb00d447d"
}
[1569009283.345][INFO]: [78872ec2ec7b7d88ca5b875cb00d447d] COMMAND MaximizeWindow {

}
[1569009283.345][INFO]: Waiting for pending navigations...
[1569009283.349][INFO]: Done waiting for pending navigations. Status: ok
[1569009283.351][INFO]: resolved localhost to ["::1","127.0.0.1"]
[1569009284.477][INFO]: Waiting for pending navigations...
[1569009284.479][INFO]: Done waiting for pending navigations. Status: ok
[1569009284.479][INFO]: [78872ec2ec7b7d88ca5b875cb00d447d] RESPONSE MaximizeWindow {
   "height": 744,
   "width": 1382,
   "x": -8,
   "y": -8
}
[1569009284.483][INFO]: [78872ec2ec7b7d88ca5b875cb00d447d] COMMAND DeleteAllCookies {

}
[1569009284.483][INFO]: Waiting for pending navigations...
[1569009284.485][INFO]: Done waiting for pending navigations. Status: ok
[1569009284.498][INFO]: Waiting for pending navigations...
[1569009284.499][INFO]: Done waiting for pending navigations. Status: ok
[1569009284.499][INFO]: [78872ec2ec7b7d88ca5b875cb00d447d] RESPONSE DeleteAllCookies
[1569009284.505][INFO]: [78872ec2ec7b7d88ca5b875cb00d447d] COMMAND SetTimeouts {
   "pageLoad": 30000
}
[1569009284.505][INFO]: [78872ec2ec7b7d88ca5b875cb00d447d] RESPONSE SetTimeouts
[1569009284.511][INFO]: [78872ec2ec7b7d88ca5b875cb00d447d] COMMAND SetTimeouts {
   "implicit": 30000
}
[1569009284.511][INFO]: [78872ec2ec7b7d88ca5b875cb00d447d] RESPONSE SetTimeouts
[1569009284.517][INFO]: [78872ec2ec7b7d88ca5b875cb00d447d] COMMAND Navigate {
   "url": "https://freecrm.com/"
}
[1569009284.517][INFO]: Waiting for pending navigations...
[1569009284.518][INFO]: Done waiting for pending navigations. Status: ok
[1569009285.301][INFO]: Waiting for pending navigations...
[1569009288.616][INFO]: Done waiting for pending navigations. Status: ok
[1569009288.616][INFO]: [78872ec2ec7b7d88ca5b875cb00d447d] RESPONSE Navigate
[1569009288.623][INFO]: [78872ec2ec7b7d88ca5b875cb00d447d] COMMAND SetTimeouts {
   "implicit": 30000
}
[1569009288.624][INFO]: [78872ec2ec7b7d88ca5b875cb00d447d] RESPONSE SetTimeouts
[1569009288.632][INFO]: [78872ec2ec7b7d88ca5b875cb00d447d] COMMAND SetTimeouts {
   "implicit": 30000
}
[1569009288.632][INFO]: [78872ec2ec7b7d88ca5b875cb00d447d] RESPONSE SetTimeouts
[1569009288.641][INFO]: [78872ec2ec7b7d88ca5b875cb00d447d] COMMAND FindElement {
   "using": "xpath",
   "value": "//span[text()='Log In']"
}
[1569009288.641][INFO]: Waiting for pending navigations...
[1569009288.643][INFO]: Done waiting for pending navigations. Status: ok
[1569009288.697][INFO]: Waiting for pending navigations...
[1569009288.698][INFO]: Done waiting for pending navigations. Status: ok
[1569009288.698][INFO]: [78872ec2ec7b7d88ca5b875cb00d447d] RESPONSE FindElement {
   "element-6066-11e4-a52e-4f735466cecf": "f7e3fa00-8775-4b28-a370-e626a0e1e463"
}
[1569009288.723][INFO]: [78872ec2ec7b7d88ca5b875cb00d447d] COMMAND ExecuteScript {
   "args": [ {
      "element-6066-11e4-a52e-4f735466cecf": "f7e3fa00-8775-4b28-a370-e626a0e1e463"
   } ],
   "script": "return (function(){return function(){var k=this;function l(a){return void 0!==a}function m(a){return\"string\"==typeof a}function aa(a,b){a=a.split(\".\");var c=k;a[0]in c||!c.execScript||c.execScript(..."
}
[1569009288.723][INFO]: Waiting for pending navigations...
[1569009288.725][INFO]: Done waiting for pending navigations. Status: ok
[1569009288.771][INFO]: Waiting for pending navigations...
[1569009288.773][INFO]: Done waiting for pending navigations. Status: ok
[1569009288.773][INFO]: [78872ec2ec7b7d88ca5b875cb00d447d] RESPONSE ExecuteScript false
[1569009289.280][INFO]: [78872ec2ec7b7d88ca5b875cb00d447d] COMMAND FindElement {
   "using": "xpath",
   "value": "//span[text()='Log In']"
}
[1569009289.283][INFO]: Waiting for pending navigations...
[1569009289.461][INFO]: Done waiting for pending navigations. Status: ok
[1569009289.596][INFO]: Waiting for pending navigations...
[1569009289.600][INFO]: Done waiting for pending navigations. Status: ok
[1569009289.600][INFO]: [78872ec2ec7b7d88ca5b875cb00d447d] RESPONSE FindElement {
   "element-6066-11e4-a52e-4f735466cecf": "f7e3fa00-8775-4b28-a370-e626a0e1e463"
}
[1569009289.634][INFO]: [78872ec2ec7b7d88ca5b875cb00d447d] COMMAND ExecuteScript {
   "args": [ {
      "element-6066-11e4-a52e-4f735466cecf": "f7e3fa00-8775-4b28-a370-e626a0e1e463"
   } ],
   "script": "return (function(){return function(){var k=this;function l(a){return void 0!==a}function m(a){return\"string\"==typeof a}function aa(a,b){a=a.split(\".\");var c=k;a[0]in c||!c.execScript||c.execScript(..."
}
[1569009289.634][INFO]: Waiting for pending navigations...
[1569009289.636][INFO]: Done waiting for pending navigations. Status: ok
[1569009289.668][INFO]: Waiting for pending navigations...
[1569009289.672][INFO]: Done waiting for pending navigations. Status: ok
[1569009289.672][INFO]: [78872ec2ec7b7d88ca5b875cb00d447d] RESPONSE ExecuteScript true
[1569009289.681][INFO]: [78872ec2ec7b7d88ca5b875cb00d447d] COMMAND FindElement {
   "using": "xpath",
   "value": "//span[text()='Log In']"
}
[1569009289.681][INFO]: Waiting for pending navigations...
[1569009289.813][INFO]: Done waiting for pending navigations. Status: ok
[1569009290.050][INFO]: Waiting for pending navigations...
[1569009290.107][INFO]: Done waiting for pending navigations. Status: ok
[1569009290.107][INFO]: [78872ec2ec7b7d88ca5b875cb00d447d] RESPONSE FindElement {
   "element-6066-11e4-a52e-4f735466cecf": "f7e3fa00-8775-4b28-a370-e626a0e1e463"
}
[1569009290.112][INFO]: [78872ec2ec7b7d88ca5b875cb00d447d] COMMAND IsElementEnabled {
   "id": "f7e3fa00-8775-4b28-a370-e626a0e1e463"
}
[1569009290.112][INFO]: Waiting for pending navigations...
[1569009290.148][INFO]: Done waiting for pending navigations. Status: ok
[1569009290.173][INFO]: Waiting for pending navigations...
[1569009290.186][INFO]: Done waiting for pending navigations. Status: ok
[1569009290.186][INFO]: [78872ec2ec7b7d88ca5b875cb00d447d] RESPONSE IsElementEnabled true
[1569009290.192][INFO]: [78872ec2ec7b7d88ca5b875cb00d447d] COMMAND FindElement {
   "using": "xpath",
   "value": "//span[text()='Log In']"
}
[1569009290.192][INFO]: Waiting for pending navigations...
[1569009290.200][INFO]: Done waiting for pending navigations. Status: ok
[1569009290.225][INFO]: Waiting for pending navigations...
[1569009290.227][INFO]: Done waiting for pending navigations. Status: ok
[1569009290.227][INFO]: [78872ec2ec7b7d88ca5b875cb00d447d] RESPONSE FindElement {
   "element-6066-11e4-a52e-4f735466cecf": "f7e3fa00-8775-4b28-a370-e626a0e1e463"
}
[1569009290.232][INFO]: [78872ec2ec7b7d88ca5b875cb00d447d] COMMAND ClickElement {
   "id": "f7e3fa00-8775-4b28-a370-e626a0e1e463"
}
[1569009290.232][INFO]: Waiting for pending navigations...
[1569009290.233][INFO]: Done waiting for pending navigations. Status: ok
[1569009290.386][INFO]: Waiting for pending navigations...
[1569009304.433][INFO]: Done waiting for pending navigations. Status: ok
[1569009304.434][INFO]: [78872ec2ec7b7d88ca5b875cb00d447d] RESPONSE ClickElement
[1569009304.440][INFO]: [78872ec2ec7b7d88ca5b875cb00d447d] COMMAND FindElement {
   "using": "xpath",
   "value": "//input[@name='email']"
}
[1569009304.440][INFO]: Waiting for pending navigations...
[1569009304.450][INFO]: Done waiting for pending navigations. Status: ok
[1569009304.493][INFO]: Waiting for pending navigations...
[1569009304.495][INFO]: Done waiting for pending navigations. Status: ok
[1569009304.495][INFO]: [78872ec2ec7b7d88ca5b875cb00d447d] RESPONSE FindElement {
   "element-6066-11e4-a52e-4f735466cecf": "7dc1acb4-d952-4f27-ad59-4840ea7fd704"
}
[1569009304.503][INFO]: [78872ec2ec7b7d88ca5b875cb00d447d] COMMAND TypeElement {
   "id": "7dc1acb4-d952-4f27-ad59-4840ea7fd704",
   "text": "practicedemo67@gmail.com",
   "value": [ "p", "r", "a", "c", "t", "i", "c", "e", "d", "e", "m", "o", "6", "7", "@", "g", "m", "a", "i", "..." ]
}
[1569009304.503][INFO]: Waiting for pending navigations...
[1569009304.504][INFO]: Done waiting for pending navigations. Status: ok
[1569009304.973][INFO]: Waiting for pending navigations...
[1569009304.975][INFO]: Done waiting for pending navigations. Status: ok
[1569009304.976][INFO]: [78872ec2ec7b7d88ca5b875cb00d447d] RESPONSE TypeElement
[1569009304.981][INFO]: [78872ec2ec7b7d88ca5b875cb00d447d] COMMAND FindElement {
   "using": "xpath",
   "value": "//input[@name='password']"
}
[1569009304.981][INFO]: Waiting for pending navigations...
[1569009304.982][INFO]: Done waiting for pending navigations. Status: ok
[1569009305.016][INFO]: Waiting for pending navigations...
[1569009305.017][INFO]: Done waiting for pending navigations. Status: ok
[1569009305.017][INFO]: [78872ec2ec7b7d88ca5b875cb00d447d] RESPONSE FindElement {
   "element-6066-11e4-a52e-4f735466cecf": "d23f75c4-8902-4e2f-8f91-88c6023ec14a"
}
[1569009305.035][INFO]: [78872ec2ec7b7d88ca5b875cb00d447d] COMMAND TypeElement {
   "id": "d23f75c4-8902-4e2f-8f91-88c6023ec14a",
   "text": "Demo@678",
   "value": [ "D", "e", "m", "o", "@", "6", "7", "8" ]
}
[1569009305.035][INFO]: Waiting for pending navigations...
[1569009305.036][INFO]: Done waiting for pending navigations. Status: ok
[1569009305.263][INFO]: Waiting for pending navigations...
[1569009305.265][INFO]: Done waiting for pending navigations. Status: ok
[1569009305.265][INFO]: [78872ec2ec7b7d88ca5b875cb00d447d] RESPONSE TypeElement
[1569009305.271][INFO]: [78872ec2ec7b7d88ca5b875cb00d447d] COMMAND SetTimeouts {
   "implicit": 30000
}
[1569009305.271][INFO]: [78872ec2ec7b7d88ca5b875cb00d447d] RESPONSE SetTimeouts
[1569009305.277][INFO]: [78872ec2ec7b7d88ca5b875cb00d447d] COMMAND FindElement {
   "using": "xpath",
   "value": "//div[text()='Login']"
}
[1569009305.277][INFO]: Waiting for pending navigations...
[1569009305.279][INFO]: Done waiting for pending navigations. Status: ok
[1569009305.309][INFO]: Waiting for pending navigations...
[1569009305.310][INFO]: Done waiting for pending navigations. Status: ok
[1569009305.310][INFO]: [78872ec2ec7b7d88ca5b875cb00d447d] RESPONSE FindElement {
   "element-6066-11e4-a52e-4f735466cecf": "8237390b-6315-46f6-b431-9819941eb717"
}
[1569009305.316][INFO]: [78872ec2ec7b7d88ca5b875cb00d447d] COMMAND ExecuteScript {
   "args": [ {
      "ELEMENT": "8237390b-6315-46f6-b431-9819941eb717",
      "element-6066-11e4-a52e-4f735466cecf": "8237390b-6315-46f6-b431-9819941eb717"
   } ],
   "script": "arguments[0].click();"
}
[1569009305.316][INFO]: Waiting for pending navigations...
[1569009305.318][INFO]: Done waiting for pending navigations. Status: ok
[1569009305.341][INFO]: Waiting for pending navigations...
[1569009305.343][INFO]: Done waiting for pending navigations. Status: ok
[1569009305.343][INFO]: [78872ec2ec7b7d88ca5b875cb00d447d] RESPONSE ExecuteScript null
[1569009305.366][INFO]: [78872ec2ec7b7d88ca5b875cb00d447d] COMMAND FindElement {
   "using": "xpath",
   "value": "//div[@class='header item']"
}
[1569009305.366][INFO]: Waiting for pending navigations...
[1569009305.368][INFO]: Done waiting for pending navigations. Status: ok
[1569009306.883][INFO]: Waiting for pending navigations...
[1569009306.929][INFO]: Done waiting for pending navigations. Status: ok
[1569009306.929][INFO]: [78872ec2ec7b7d88ca5b875cb00d447d] RESPONSE FindElement {
   "element-6066-11e4-a52e-4f735466cecf": "3a6c94de-1781-4f83-9ce8-0d00c1f017c3"
}
[1569009306.955][INFO]: [78872ec2ec7b7d88ca5b875cb00d447d] COMMAND ExecuteScript {
   "args": [ {
      "element-6066-11e4-a52e-4f735466cecf": "3a6c94de-1781-4f83-9ce8-0d00c1f017c3"
   } ],
   "script": "return (function(){return function(){var k=this;function l(a){return void 0!==a}function m(a){return\"string\"==typeof a}function aa(a,b){a=a.split(\".\");var c=k;a[0]in c||!c.execScript||c.execScript(..."
}
[1569009306.956][INFO]: Waiting for pending navigations...
[1569009308.015][INFO]: Done waiting for pending navigations. Status: ok
[1569009308.919][INFO]: Waiting for pending navigations...
[1569009308.927][INFO]: Done waiting for pending navigations. Status: ok
[1569009308.928][INFO]: [78872ec2ec7b7d88ca5b875cb00d447d] RESPONSE ExecuteScript true
[1569009309.195][INFO]: [78872ec2ec7b7d88ca5b875cb00d447d] COMMAND Quit {

}
[1569009309.494][INFO]: [78872ec2ec7b7d88ca5b875cb00d447d] RESPONSE Quit
